# JRE version: Java(TM) SE Runtime Environment (17.0.6+9) (build 17.0.6+9-LTS-190)
# Java VM: Java HotSpot(TM) 64-Bit Server VM (17.0.6+9-LTS-190, mixed mode, sharing, tiered, compressed oops, compressed class ptrs, parallel gc, windows-amd64)
GC Precious Log:
 CPUs: 8 total, 8 available
 Memory: 7985M
 Large Page Support: Disabled
 NUMA Support: Disabled
 Compressed Oops: Enabled (32-bit)
 Alignments: Space 512K, Generation 512K, Heap 2M
 Heap Min Capacity: 100M
 Heap Initial Capacity: 100M
 Heap Max Capacity: 1G
 Pre-touch: Disabled
 Parallel Workers: 8
Heap:
 PSYoungGen      total 32256K, used 22271K [0x00000000eab00000, 0x00000000eed00000, 0x0000000100000000)
  eden space 18432K, 45% used [0x00000000eab00000,0x00000000eb33fe18,0x00000000ebd00000)
  from space 13824K, 100% used [0x00000000ebd00000,0x00000000eca80000,0x00000000eca80000)
  to   space 24576K, 0% used [0x00000000ed500000,0x00000000ed500000,0x00000000eed00000)
 ParOldGen       total 96768K, used 80792K [0x00000000c0000000, 0x00000000c5e80000, 0x00000000eab00000)
  object space 96768K, 83% used [0x00000000c0000000,0x00000000c4ee63b0,0x00000000c5e80000)
 Metaspace       used 61493K, committed 62784K, reserved 1105920K
  class space    used 6542K, committed 7104K, reserved 1048576K
GC Heap History (20 events):
Event: 8.616 GC heap before
{Heap before GC invocations=39 (full 2):
 PSYoungGen      total 20992K, used 20992K [0x00000000eab00000, 0x00000000ec680000, 0x0000000100000000)
  eden space 19968K, 100% used [0x00000000eab00000,0x00000000ebe80000,0x00000000ebe80000)
  from space 1024K, 100% used [0x00000000ec280000,0x00000000ec380000,0x00000000ec380000)
  to   space 4096K, 0% used [0x00000000ebe80000,0x00000000ebe80000,0x00000000ec280000)
 ParOldGen       total 68608K, used 51234K [0x00000000c0000000, 0x00000000c4300000, 0x00000000eab00000)
  object space 68608K, 74% used [0x00000000c0000000,0x00000000c3208a00,0x00000000c4300000)
 Metaspace       used 57216K, committed 58432K, reserved 1105920K
  class space    used 6090K, committed 6656K, reserved 1048576K
}
Event: 8.619 GC heap after
{Heap after GC invocations=39 (full 2):
 PSYoungGen      total 23040K, used 2741K [0x00000000eab00000, 0x00000000ec480000, 0x0000000100000000)
  eden space 19968K, 0% used [0x00000000eab00000,0x00000000eab00000,0x00000000ebe80000)
  from space 3072K, 89% used [0x00000000ebe80000,0x00000000ec12d730,0x00000000ec180000)
  to   space 3072K, 0% used [0x00000000ec180000,0x00000000ec180000,0x00000000ec480000)
 ParOldGen       total 68608K, used 52292K [0x00000000c0000000, 0x00000000c4300000, 0x00000000eab00000)
  object space 68608K, 76% used [0x00000000c0000000,0x00000000c3311300,0x00000000c4300000)
 Metaspace       used 57216K, committed 58432K, reserved 1105920K
  class space    used 6090K, committed 6656K, reserved 1048576K
}
Event: 8.757 GC heap before
{Heap before GC invocations=40 (full 2):
 PSYoungGen      total 23040K, used 22706K [0x00000000eab00000, 0x00000000ec480000, 0x0000000100000000)
  eden space 19968K, 99% used [0x00000000eab00000,0x00000000ebe7f390,0x00000000ebe80000)
  from space 3072K, 89% used [0x00000000ebe80000,0x00000000ec12d730,0x00000000ec180000)
  to   space 3072K, 0% used [0x00000000ec180000,0x00000000ec180000,0x00000000ec480000)
 ParOldGen       total 68608K, used 52292K [0x00000000c0000000, 0x00000000c4300000, 0x00000000eab00000)
  object space 68608K, 76% used [0x00000000c0000000,0x00000000c3311300,0x00000000c4300000)
 Metaspace       used 57281K, committed 58560K, reserved 1105920K
  class space    used 6095K, committed 6720K, reserved 1048576K
}
Event: 8.759 GC heap after
{Heap after GC invocations=40 (full 2):
 PSYoungGen      total 22528K, used 2203K [0x00000000eab00000, 0x00000000ec400000, 0x0000000100000000)
  eden space 19968K, 0% used [0x00000000eab00000,0x00000000eab00000,0x00000000ebe80000)
  from space 2560K, 86% used [0x00000000ec180000,0x00000000ec3a6d88,0x00000000ec400000)
  to   space 2560K, 0% used [0x00000000ebf00000,0x00000000ebf00000,0x00000000ec180000)
 ParOldGen       total 68608K, used 56340K [0x00000000c0000000, 0x00000000c4300000, 0x00000000eab00000)
  object space 68608K, 82% used [0x00000000c0000000,0x00000000c3705278,0x00000000c4300000)
 Metaspace       used 57281K, committed 58560K, reserved 1105920K
  class space    used 6095K, committed 6720K, reserved 1048576K
}
Event: 9.053 GC heap before
{Heap before GC invocations=41 (full 2):
 PSYoungGen      total 22528K, used 20789K [0x00000000eab00000, 0x00000000ec400000, 0x0000000100000000)
  eden space 19968K, 93% used [0x00000000eab00000,0x00000000ebd26a40,0x00000000ebe80000)
  from space 2560K, 86% used [0x00000000ec180000,0x00000000ec3a6d88,0x00000000ec400000)
  to   space 2560K, 0% used [0x00000000ebf00000,0x00000000ebf00000,0x00000000ec180000)
 ParOldGen       total 68608K, used 56340K [0x00000000c0000000, 0x00000000c4300000, 0x00000000eab00000)
  object space 68608K, 82% used [0x00000000c0000000,0x00000000c3705278,0x00000000c4300000)
 Metaspace       used 58519K, committed 59776K, reserved 1105920K
  class space    used 6189K, committed 6720K, reserved 1048576K
}
Event: 9.055 GC heap after
{Heap after GC invocations=41 (full 2):
 PSYoungGen      total 21504K, used 1410K [0x00000000eab00000, 0x00000000ec280000, 0x0000000100000000)
  eden space 19968K, 0% used [0x00000000eab00000,0x00000000eab00000,0x00000000ebe80000)
  from space 1536K, 91% used [0x00000000ebf00000,0x00000000ec060b10,0x00000000ec080000)
  to   space 2048K, 0% used [0x00000000ec080000,0x00000000ec080000,0x00000000ec280000)
 ParOldGen       total 68608K, used 58168K [0x00000000c0000000, 0x00000000c4300000, 0x00000000eab00000)
  object space 68608K, 84% used [0x00000000c0000000,0x00000000c38ce308,0x00000000c4300000)
 Metaspace       used 58519K, committed 59776K, reserved 1105920K
  class space    used 6189K, committed 6720K, reserved 1048576K
}
Event: 9.055 GC heap before
{Heap before GC invocations=42 (full 3):
 PSYoungGen      total 21504K, used 1410K [0x00000000eab00000, 0x00000000ec280000, 0x0000000100000000)
  eden space 19968K, 0% used [0x00000000eab00000,0x00000000eab00000,0x00000000ebe80000)
  from space 1536K, 91% used [0x00000000ebf00000,0x00000000ec060b10,0x00000000ec080000)
  to   space 2048K, 0% used [0x00000000ec080000,0x00000000ec080000,0x00000000ec280000)
 ParOldGen       total 68608K, used 58168K [0x00000000c0000000, 0x00000000c4300000, 0x00000000eab00000)
  object space 68608K, 84% used [0x00000000c0000000,0x00000000c38ce308,0x00000000c4300000)
 Metaspace       used 58519K, committed 59776K, reserved 1105920K
  class space    used 6189K, committed 6720K, reserved 1048576K
}
Event: 9.126 GC heap after
{Heap after GC invocations=42 (full 3):
 PSYoungGen      total 21504K, used 0K [0x00000000eab00000, 0x00000000ec280000, 0x0000000100000000)
  eden space 19968K, 0% used [0x00000000eab00000,0x00000000eab00000,0x00000000ebe80000)
  from space 1536K, 0% used [0x00000000ebf00000,0x00000000ebf00000,0x00000000ec080000)
  to   space 2048K, 0% used [0x00000000ec080000,0x00000000ec080000,0x00000000ec280000)
 ParOldGen       total 68608K, used 42447K [0x00000000c0000000, 0x00000000c4300000, 0x00000000eab00000)
  object space 68608K, 61% used [0x00000000c0000000,0x00000000c2973e28,0x00000000c4300000)
 Metaspace       used 58519K, committed 59776K, reserved 1105920K
  class space    used 6189K, committed 6720K, reserved 1048576K
}
Event: 9.312 GC heap before
{Heap before GC invocations=43 (full 3):
 PSYoungGen      total 21504K, used 19689K [0x00000000eab00000, 0x00000000ec280000, 0x0000000100000000)
  eden space 19968K, 98% used [0x00000000eab00000,0x00000000ebe3a408,0x00000000ebe80000)
  from space 1536K, 0% used [0x00000000ebf00000,0x00000000ebf00000,0x00000000ec080000)
  to   space 2048K, 0% used [0x00000000ec080000,0x00000000ec080000,0x00000000ec280000)
 ParOldGen       total 68608K, used 42447K [0x00000000c0000000, 0x00000000c4300000, 0x00000000eab00000)
  object space 68608K, 61% used [0x00000000c0000000,0x00000000c2973e28,0x00000000c4300000)
 Metaspace       used 59742K, committed 60992K, reserved 1105920K
  class space    used 6318K, committed 6848K, reserved 1048576K
}
Event: 9.313 GC heap after
{Heap after GC invocations=43 (full 3):
 PSYoungGen      total 20480K, used 2042K [0x00000000eab00000, 0x00000000ec580000, 0x0000000100000000)
  eden space 18432K, 0% used [0x00000000eab00000,0x00000000eab00000,0x00000000ebd00000)
  from space 2048K, 99% used [0x00000000ec080000,0x00000000ec27e8a8,0x00000000ec280000)
  to   space 3584K, 0% used [0x00000000ebd00000,0x00000000ebd00000,0x00000000ec080000)
 ParOldGen       total 68608K, used 43300K [0x00000000c0000000, 0x00000000c4300000, 0x00000000eab00000)
  object space 68608K, 63% used [0x00000000c0000000,0x00000000c2a49048,0x00000000c4300000)
 Metaspace       used 59742K, committed 60992K, reserved 1105920K
  class space    used 6318K, committed 6848K, reserved 1048576K
}
Event: 9.370 GC heap before
{Heap before GC invocations=44 (full 3):
 PSYoungGen      total 20480K, used 17787K [0x00000000eab00000, 0x00000000ec580000, 0x0000000100000000)
  eden space 18432K, 85% used [0x00000000eab00000,0x00000000eba606e8,0x00000000ebd00000)
  from space 2048K, 99% used [0x00000000ec080000,0x00000000ec27e8a8,0x00000000ec280000)
  to   space 3584K, 0% used [0x00000000ebd00000,0x00000000ebd00000,0x00000000ec080000)
 ParOldGen       total 68608K, used 43300K [0x00000000c0000000, 0x00000000c4300000, 0x00000000eab00000)
  object space 68608K, 63% used [0x00000000c0000000,0x00000000c2a49048,0x00000000c4300000)
 Metaspace       used 60032K, committed 61312K, reserved 1105920K
  class space    used 6345K, committed 6912K, reserved 1048576K
}
Event: 9.372 GC heap after
{Heap after GC invocations=44 (full 3):
 PSYoungGen      total 20480K, used 1769K [0x00000000eab00000, 0x00000000ec200000, 0x0000000100000000)
  eden space 18432K, 0% used [0x00000000eab00000,0x00000000eab00000,0x00000000ebd00000)
  from space 2048K, 86% used [0x00000000ebd00000,0x00000000ebeba780,0x00000000ebf00000)
  to   space 2560K, 0% used [0x00000000ebf80000,0x00000000ebf80000,0x00000000ec200000)
 ParOldGen       total 68608K, used 52875K [0x00000000c0000000, 0x00000000c4300000, 0x00000000eab00000)
  object space 68608K, 77% used [0x00000000c0000000,0x00000000c33a2d98,0x00000000c4300000)
 Metaspace       used 60032K, committed 61312K, reserved 1105920K
  class space    used 6345K, committed 6912K, reserved 1048576K
}
Event: 9.469 GC heap before
{Heap before GC invocations=45 (full 4):
 PSYoungGen      total 20480K, used 20201K [0x00000000eab00000, 0x00000000ec200000, 0x0000000100000000)
  eden space 18432K, 100% used [0x00000000eab00000,0x00000000ebd00000,0x00000000ebd00000)
  from space 2048K, 86% used [0x00000000ebd00000,0x00000000ebeba780,0x00000000ebf00000)
  to   space 2560K, 0% used [0x00000000ebf80000,0x00000000ebf80000,0x00000000ec200000)
 ParOldGen       total 91136K, used 90214K [0x00000000c0000000, 0x00000000c5900000, 0x00000000eab00000)
  object space 91136K, 98% used [0x00000000c0000000,0x00000000c58198e8,0x00000000c5900000)
 Metaspace       used 60731K, committed 62016K, reserved 1105920K
  class space    used 6462K, committed 7040K, reserved 1048576K
}
Event: 9.511 GC heap after
{Heap after GC invocations=45 (full 4):
 PSYoungGen      total 20992K, used 0K [0x00000000eab00000, 0x00000000ec200000, 0x0000000100000000)
  eden space 18432K, 0% used [0x00000000eab00000,0x00000000eab00000,0x00000000ebd00000)
  from space 2560K, 0% used [0x00000000ebf80000,0x00000000ebf80000,0x00000000ec200000)
  to   space 2560K, 0% used [0x00000000ebd00000,0x00000000ebd00000,0x00000000ebf80000)
 ParOldGen       total 96768K, used 60304K [0x00000000c0000000, 0x00000000c5e80000, 0x00000000eab00000)
  object space 96768K, 62% used [0x00000000c0000000,0x00000000c3ae43b0,0x00000000c5e80000)
 Metaspace       used 60731K, committed 62016K, reserved 1105920K
  class space    used 6462K, committed 7040K, reserved 1048576K
}
Event: 9.576 GC heap before
{Heap before GC invocations=46 (full 4):
 PSYoungGen      total 20992K, used 18432K [0x00000000eab00000, 0x00000000ec200000, 0x0000000100000000)
  eden space 18432K, 100% used [0x00000000eab00000,0x00000000ebd00000,0x00000000ebd00000)
  from space 2560K, 0% used [0x00000000ebf80000,0x00000000ebf80000,0x00000000ec200000)
  to   space 2560K, 0% used [0x00000000ebd00000,0x00000000ebd00000,0x00000000ebf80000)
 ParOldGen       total 96768K, used 60304K [0x00000000c0000000, 0x00000000c5e80000, 0x00000000eab00000)
  object space 96768K, 62% used [0x00000000c0000000,0x00000000c3ae43b0,0x00000000c5e80000)
 Metaspace       used 60985K, committed 62272K, reserved 1105920K
  class space    used 6499K, committed 7104K, reserved 1048576K
}
Event: 9.583 GC heap after
{Heap after GC invocations=46 (full 4):
 PSYoungGen      total 20992K, used 2560K [0x00000000eab00000, 0x00000000ed800000, 0x0000000100000000)
  eden space 18432K, 0% used [0x00000000eab00000,0x00000000eab00000,0x00000000ebd00000)
  from space 2560K, 100% used [0x00000000ebd00000,0x00000000ebf80000,0x00000000ebf80000)
  to   space 13824K, 0% used [0x00000000eca80000,0x00000000eca80000,0x00000000ed800000)
 ParOldGen       total 96768K, used 69440K [0x00000000c0000000, 0x00000000c5e80000, 0x00000000eab00000)
  object space 96768K, 71% used [0x00000000c0000000,0x00000000c43d03b0,0x00000000c5e80000)
 Metaspace       used 60985K, committed 62272K, reserved 1105920K
  class space    used 6499K, committed 7104K, reserved 1048576K
}
Event: 9.667 GC heap before
{Heap before GC invocations=47 (full 4):
 PSYoungGen      total 20992K, used 20992K [0x00000000eab00000, 0x00000000ed800000, 0x0000000100000000)
  eden space 18432K, 100% used [0x00000000eab00000,0x00000000ebd00000,0x00000000ebd00000)
  from space 2560K, 100% used [0x00000000ebd00000,0x00000000ebf80000,0x00000000ebf80000)
  to   space 13824K, 0% used [0x00000000eca80000,0x00000000eca80000,0x00000000ed800000)
 ParOldGen       total 96768K, used 69440K [0x00000000c0000000, 0x00000000c5e80000, 0x00000000eab00000)
  object space 96768K, 71% used [0x00000000c0000000,0x00000000c43d03b0,0x00000000c5e80000)
 Metaspace       used 60985K, committed 62272K, reserved 1105920K
  class space    used 6499K, committed 7104K, reserved 1048576K
}
Event: 9.673 GC heap after
{Heap after GC invocations=47 (full 4):
 PSYoungGen      total 32256K, used 13024K [0x00000000eab00000, 0x00000000ed800000, 0x0000000100000000)
  eden space 18432K, 0% used [0x00000000eab00000,0x00000000eab00000,0x00000000ebd00000)
  from space 13824K, 94% used [0x00000000eca80000,0x00000000ed738000,0x00000000ed800000)
  to   space 13824K, 0% used [0x00000000ebd00000,0x00000000ebd00000,0x00000000eca80000)
 ParOldGen       total 96768K, used 72040K [0x00000000c0000000, 0x00000000c5e80000, 0x00000000eab00000)
  object space 96768K, 74% used [0x00000000c0000000,0x00000000c465a3b0,0x00000000c5e80000)
 Metaspace       used 60985K, committed 62272K, reserved 1105920K
  class space    used 6499K, committed 7104K, reserved 1048576K
}
Event: 1517.984 GC heap before
{Heap before GC invocations=48 (full 4):
 PSYoungGen      total 32256K, used 31389K [0x00000000eab00000, 0x00000000ed800000, 0x0000000100000000)
  eden space 18432K, 99% used [0x00000000eab00000,0x00000000ebcef4c0,0x00000000ebd00000)
  from space 13824K, 94% used [0x00000000eca80000,0x00000000ed738000,0x00000000ed800000)
  to   space 13824K, 0% used [0x00000000ebd00000,0x00000000ebd00000,0x00000000eca80000)
 ParOldGen       total 96768K, used 72040K [0x00000000c0000000, 0x00000000c5e80000, 0x00000000eab00000)
  object space 96768K, 74% used [0x00000000c0000000,0x00000000c465a3b0,0x00000000c5e80000)
 Metaspace       used 61395K, committed 62656K, reserved 1105920K
  class space    used 6541K, committed 7104K, reserved 1048576K
}
Event: 1518.134 GC heap after
{Heap after GC invocations=48 (full 4):
 PSYoungGen      total 32256K, used 13824K [0x00000000eab00000, 0x00000000eed00000, 0x0000000100000000)
  eden space 18432K, 0% used [0x00000000eab00000,0x00000000eab00000,0x00000000ebd00000)
  from space 13824K, 100% used [0x00000000ebd00000,0x00000000eca80000,0x00000000eca80000)
  to   space 24576K, 0% used [0x00000000ed500000,0x00000000ed500000,0x00000000eed00000)
 ParOldGen       total 96768K, used 80792K [0x00000000c0000000, 0x00000000c5e80000, 0x00000000eab00000)
  object space 96768K, 83% used [0x00000000c0000000,0x00000000c4ee63b0,0x00000000c5e80000)
 Metaspace       used 61395K, committed 62656K, reserved 1105920K
  class space    used 6541K, committed 7104K, reserved 1048576K
}

